C51 COMPILER V9.60.7.0   LCD                                                               02/28/2023 17:49:15 PAGE 1   


C51 COMPILER V9.60.7.0, COMPILATION OF MODULE LCD
OBJECT MODULE PLACED IN .\Objects\lcd.obj
COMPILER INVOKED BY: C:\Keil_v5\C51\BIN\C51.EXE lcd.c OPTIMIZE(8,SPEED) BROWSE DEBUG OBJECTEXTEND PRINT(.\Listings\lcd.l
                    -st) TABS(2) OBJECT(.\Objects\lcd.obj)

line level    source

   1          #include <at89c5131.h>
   2          #include "lcd.h"
   3          
   4          code unsigned char msg25_1[]="No more will my ";
   5          code unsigned char msg25_2[]="   green sea/   ";
   6          code unsigned char msg26_1[]="   Go turn a    ";
   7          code unsigned char msg26_2[]="  deeper blue/  ";
   8          code unsigned char msg27_1[]="I could not fore";
   9          code unsigned char msg27_2[]="-see this thing/";
  10          code unsigned char msg28_1[]="  Happening to  ";
  11          code unsigned char msg28_2[]="      you/      ";
  12          code unsigned char msg29_1[]="    If I look   ";
  13          code unsigned char msg29_2[]="  hard enough/  ";
  14          code unsigned char msg30_1[]="    Into the    ";
  15          code unsigned char msg30_2[]="  setting sun/  ";
  16          code unsigned char msg31_1[]="  My love will  ";
  17          code unsigned char msg31_2[]=" laugh with me/ ";
  18          code unsigned char msg32_1[]="   Before the   ";
  19          code unsigned char msg32_2[]=" morning comes/ ";
  20          code unsigned char msg33_1[]="     I see a    ";
  21          code unsigned char msg33_2[]="    red door/   ";
  22          code unsigned char msg34_1[]="  And I want it ";
  23          code unsigned char msg34_2[]=" painted black/ ";
  24          code unsigned char msg35_1[]="    No colors   ";
  25          code unsigned char msg35_2[]="     anymore/   ";
  26          code unsigned char msg36_1[]=" I want them to ";
  27          code unsigned char msg36_2[]="   turn black/  ";
  28          code unsigned char msg37_1[]="    I see the   ";
  29          code unsigned char msg37_2[]=" girls walk by/ ";
  30          code unsigned char msg38_1[]="Dressed in their";
  31          code unsigned char msg38_2[]="summer clothes/ ";
  32          code unsigned char msg39_1[]=" I have to turn ";
  33          code unsigned char msg39_2[]="     my head/   ";
  34          code unsigned char msg40_1[]="    Until my    ";
  35          code unsigned char msg40_2[]=" darkness goes/ ";
  36          code unsigned char msg41_1[]="   I wanna see  ";
  37          code unsigned char msg41_2[]="   it painted/  ";
  38          code unsigned char msg42[]=" Painted black/ ";
  39          code unsigned char msg43[]="Black as night/ ";
  40          code unsigned char msg44[]=" Black as coal/ ";
  41          code unsigned char msg45_1[]="  I wanna see   ";
  42          code unsigned char msg45_2[]="    the sun/    ";
  43          code unsigned char msg46_1[]="   Blotted out  ";
  44          code unsigned char msg46_2[]="  from the sky/ ";
  45          code unsigned char msg47_1[]=" I wanna see it ";
  46          code unsigned char msg47_2[]="    painted,    ";
  47          code unsigned char msg47_3[]="    painted,    ";
  48          code unsigned char msg47_4[]="    painted/    ";
  49          code unsigned char msg48_1[]=" Painted black, ";
  50          code unsigned char msg48_2[]="     yeah/      ";
  51          
  52          unsigned int t=3000;
  53          
  54          void main()
C51 COMPILER V9.60.7.0   LCD                                                               02/28/2023 17:49:15 PAGE 2   

  55          {
  56   1        lcd_init();
  57   1        lcd_cmd(0x80);                          
  58   1        msdelay(4);
  59   1        lcd_write_string(msg25_1);
  60   1        lcd_cmd(0xC0);                          
  61   1        msdelay(4);
  62   1        lcd_write_string(msg25_2);
  63   1        msdelay(t);
  64   1        lcd_cmd(0x80);                          
  65   1        msdelay(4);
  66   1        lcd_write_string(msg26_1);
  67   1        lcd_cmd(0xC0);                          
  68   1        msdelay(4);
  69   1        lcd_write_string(msg26_2);
  70   1        msdelay(t);
  71   1        lcd_cmd(0x80);                          
  72   1        msdelay(4);
  73   1        lcd_write_string(msg27_1);
  74   1        lcd_cmd(0xC0);                          
  75   1        msdelay(4);
  76   1        lcd_write_string(msg27_2);
  77   1        msdelay(t);
  78   1        lcd_cmd(0x80);                          
  79   1        msdelay(4);
  80   1        lcd_write_string(msg28_1);
  81   1        lcd_cmd(0xC0);                          
  82   1        msdelay(4);
  83   1        lcd_write_string(msg28_2);
  84   1        msdelay(t);
  85   1        lcd_cmd(0x80);                          
  86   1        msdelay(4);
  87   1        lcd_write_string(msg29_1);
  88   1        lcd_cmd(0xC0);                          
  89   1        msdelay(4);
  90   1        lcd_write_string(msg29_2);
  91   1        msdelay(t);
  92   1        lcd_cmd(0x80);                          
  93   1        msdelay(4);
  94   1        lcd_write_string(msg30_1);
  95   1        lcd_cmd(0xC0);                          
  96   1        msdelay(4);
  97   1        lcd_write_string(msg30_2);
  98   1        msdelay(t); 
  99   1        lcd_cmd(0x80);                          
 100   1        msdelay(4);
 101   1        lcd_write_string(msg31_1);
 102   1        lcd_cmd(0xC0);                          
 103   1        msdelay(4);
 104   1        lcd_write_string(msg31_2);
 105   1        msdelay(t);
 106   1        lcd_cmd(0x80);                          
 107   1        msdelay(4);
 108   1        lcd_write_string(msg32_1);
 109   1        lcd_cmd(0xC0);                          
 110   1        msdelay(4);
 111   1        lcd_write_string(msg32_2);
 112   1        msdelay(t);
 113   1        lcd_cmd(0x80);                          
 114   1        msdelay(4);
 115   1        lcd_write_string(msg33_1);
 116   1        lcd_cmd(0xC0);                          
C51 COMPILER V9.60.7.0   LCD                                                               02/28/2023 17:49:15 PAGE 3   

 117   1        msdelay(4);
 118   1        lcd_write_string(msg33_2);
 119   1        msdelay(t);
 120   1        lcd_cmd(0x80);                          
 121   1        msdelay(4);
 122   1        lcd_write_string(msg34_1);
 123   1        lcd_cmd(0xC0);                          
 124   1        msdelay(4);
 125   1        lcd_write_string(msg34_2);
 126   1        msdelay(t);
 127   1        lcd_cmd(0x80);                          
 128   1        msdelay(4);
 129   1        lcd_write_string(msg35_1);
 130   1        lcd_cmd(0xC0);                          
 131   1        msdelay(4);
 132   1        lcd_write_string(msg35_2);
 133   1        msdelay(t);
 134   1        lcd_cmd(0x80);                          
 135   1        msdelay(4);
 136   1        lcd_write_string(msg36_1);
 137   1        lcd_cmd(0xC0);                          
 138   1        msdelay(4);
 139   1        lcd_write_string(msg36_2);
 140   1        msdelay(t);
 141   1        lcd_cmd(0x80);                          
 142   1        msdelay(4);
 143   1        lcd_write_string(msg37_1);
 144   1        lcd_cmd(0xC0);                          
 145   1        msdelay(4);
 146   1        lcd_write_string(msg37_2);
 147   1        msdelay(t);
 148   1        lcd_cmd(0x80);                          
 149   1        msdelay(4);
 150   1        lcd_write_string(msg38_1);
 151   1        lcd_cmd(0xC0);                          
 152   1        msdelay(4);
 153   1        lcd_write_string(msg38_2);
 154   1        msdelay(t);
 155   1        lcd_cmd(0x80);                          
 156   1        msdelay(4);
 157   1        lcd_write_string(msg39_1);
 158   1        lcd_cmd(0xC0);                          
 159   1        msdelay(4);
 160   1        lcd_write_string(msg39_2);
 161   1        msdelay(t);
 162   1        lcd_cmd(0x80);                          
 163   1        msdelay(4);
 164   1        lcd_write_string(msg40_1);
 165   1        lcd_cmd(0xC0);                          
 166   1        msdelay(4);
 167   1        lcd_write_string(msg40_2);
 168   1        msdelay(t);
 169   1        lcd_cmd(0x80);                          
 170   1        msdelay(4);
 171   1        lcd_write_string(msg41_1);
 172   1        lcd_cmd(0xC0);                          
 173   1        msdelay(4);
 174   1        lcd_write_string(msg41_2);
 175   1        msdelay(t);
 176   1        lcd_cmd(0x80);                          
 177   1        msdelay(4);
 178   1        lcd_write_string(msg42);
C51 COMPILER V9.60.7.0   LCD                                                               02/28/2023 17:49:15 PAGE 4   

 179   1        lcd_cmd(0xC0);                          
 180   1        msdelay(4);
 181   1        lcd_write_string(msg43);
 182   1        msdelay(t);
 183   1        lcd_cmd(0x80);                          
 184   1        msdelay(4);
 185   1        lcd_write_string(msg44);
 186   1        lcd_cmd(0xC0);
 187   1        msdelay(4);
 188   1        lcd_write_string(msg45_1);
 189   1        msdelay(t);
 190   1        lcd_cmd(0x80);                          
 191   1        msdelay(4);
 192   1        lcd_write_string(msg45_2);
 193   1        lcd_cmd(0xC0);                          
 194   1        msdelay(4);
 195   1        lcd_write_string(msg46_1);
 196   1        msdelay(t);
 197   1        lcd_cmd(0x80);                          
 198   1        msdelay(4);
 199   1        lcd_write_string(msg46_2);
 200   1        lcd_cmd(0xC0);                          
 201   1        msdelay(4);
 202   1        lcd_write_string(msg47_1);
 203   1        msdelay(t);
 204   1        lcd_cmd(0x80);                          
 205   1        msdelay(4);
 206   1        lcd_write_string(msg47_2);
 207   1        lcd_cmd(0xC0);                          
 208   1        msdelay(4);
 209   1        lcd_write_string(msg47_3);
 210   1        msdelay(t);
 211   1        lcd_cmd(0x80);                          
 212   1        msdelay(4);
 213   1        lcd_write_string(msg47_4);
 214   1        lcd_cmd(0xC0);                          
 215   1        msdelay(4);
 216   1        lcd_write_string(msg48_1);
 217   1        msdelay(t);
 218   1        lcd_cmd(0x01);
 219   1        lcd_cmd(0x80);                          
 220   1        msdelay(4);
 221   1        lcd_write_string(msg48_2);
 222   1        msdelay(t);
 223   1        
 224   1        while(1);
 225   1          
 226   1      }


MODULE INFORMATION:   STATIC OVERLAYABLE
   CODE SIZE        =    814    ----
   CONSTANT SIZE    =    799    ----
   XDATA SIZE       =   ----    ----
   PDATA SIZE       =   ----    ----
   DATA SIZE        =      2       3
   IDATA SIZE       =   ----    ----
   BIT SIZE         =   ----    ----
END OF MODULE INFORMATION.


C51 COMPILATION COMPLETE.  0 WARNING(S),  0 ERROR(S)
