A51 MACRO ASSEMBLER  RSA_2                                                                02/12/2023 11:56:25 PAGE     1


MACRO ASSEMBLER A51 V8.2.7.0
OBJECT MODULE PLACED IN .\Objects\rsa_2.obj
ASSEMBLER INVOKED BY: C:\Keil_v5\C51\BIN\A51.EXE rsa_2.a51 SET(SMALL) DEBUG PRINT(.\Listings\rsa_2.lst) OBJECT(.\Objects
                      \rsa_2.obj) EP

LOC  OBJ            LINE     SOURCE

0000                   1     ORG 0H
0000 020100            2     LJMP MAIN
0100                   3     ORG 100H
0100                   4     MAIN:
0100 314F              5     CALL INPUT
0102                   6     CALL LED_DISP
*** ______________________________^
*** ERROR #A45 IN 6 (rsa_2.a51, LINE 6): UNDEFINED SYMBOL (PASS-2)
0105 80FE              7     HERE: SJMP HERE
0130                   8     ORG 130H
                       9     
0130                  10     DELAY:
0130 C000             11     PUSH 00H
0132 78FA             12     MOV R0, #250
0134 313B             13     h3: ACALL delay_1ms
0136 D8FC             14         DJNZ R0, h3
0138 D000             15     POP 00H
013A 22               16     RET
                      17             
013B C000             18     delay_1ms: PUSH 00H
013D 7804             19                        MOV R0, #4
013F 3146             20                        h2: ACALL delay_250us
0141 D8FC             21                        DJNZ R0, h2
0143 D000             22                        POP 00H
0145 22               23                        RET
                      24             
0146 C000             25     delay_250us: PUSH 00H
0148 78F4             26                      MOV R0, #244
014A D8FE             27                      h1: DJNZ R0, h1
014C D000             28                      POP 00H
014E 22               29                      RET
                      30     
014F                  31     INPUT:
014F 7570F7           32     MOV 70H, #0F7H
0152 75900F           33     MOV P1, #0FH
0155 8570F0           34     MOV B, 70H
0158 E590             35     MOV A, P1
015A E571             36     MOV A, 71H       
015C 757204           37     MOV 72H, #04H    
                      38     
015F                  39     MULTIPLY:
015F F5F0             40     MOV B, A
0161 A4               41     MUL AB       
                      42     
                      43     
                      44     END
A51 MACRO ASSEMBLER  RSA_2                                                                02/12/2023 11:56:25 PAGE     2

SYMBOL TABLE LISTING
------ ----- -------


N A M E             T Y P E  V A L U E   ATTRIBUTES

B. . . . . . . . .  D ADDR   00F0H   A   
DELAY. . . . . . .  C ADDR   0130H   A   
DELAY_1MS. . . . .  C ADDR   013BH   A   
DELAY_250US. . . .  C ADDR   0146H   A   
H1 . . . . . . . .  C ADDR   014AH   A   
H2 . . . . . . . .  C ADDR   013FH   A   
H3 . . . . . . . .  C ADDR   0134H   A   
HERE . . . . . . .  C ADDR   0105H   A   
INPUT. . . . . . .  C ADDR   014FH   A   
LED_DISP . . . . .    ----   -----       
MAIN . . . . . . .  C ADDR   0100H   A   
MULTIPLY . . . . .  C ADDR   015FH   A   
P1 . . . . . . . .  D ADDR   0090H   A   


REGISTER BANK(S) USED: 0 


ASSEMBLY COMPLETE.  0 WARNING(S), 1 ERROR(S)
