A51 MACRO ASSEMBLER  TONE_GENERATOR                                                       02/07/2023 10:43:04 PAGE     1


MACRO ASSEMBLER A51 V8.2.7.0
OBJECT MODULE PLACED IN .\Objects\tone_generator.obj
ASSEMBLER INVOKED BY: C:\Keil_v5\C51\BIN\A51.EXE tone_generator.a51 SET(SMALL) DEBUG PRINT(.\Listings\tone_generator.lst
                      ) OBJECT(.\Objects\tone_generator.obj) EP

LOC  OBJ            LINE     SOURCE

0000                   1     ORG 0H
0000 020100            2     LJMP MAIN
0100                   3     ORG 100H
0100                   4     MAIN:
0100 3130              5     CALL TAKE_INP
0102 313A              6     CALL AUDIO_OUT
0104 80FE              7     HERE: SJMP HERE
0130                   8     ORG 130H
                       9     
                      10     ;DELAY:
                      11     ;PUSH 00H
                      12     ;MOV R0, #6
                      13     ;MOV R0, #6
                      14     ;h0: DJNZ R0, h0
                      15     ;POP 00H
                      16     ;RET
                      17     
0130                  18     TAKE_INP: 
0130 780F             19     MOV R0, #0FH
0132 8890             20     MOV P1, R0
0134 88F0             21     MOV B, R0                     
0136 E590             22     MOV A, P1
0138 313A             23     ACALL AUDIO_OUT
                      24     
013A                  25     AUDIO_OUT:
013A B40104           26     D1: CJNE A, #01H, D2
013D 315C             27             ACALL L1
013F 8019             28         SJMP loop
                      29             
0141 B40304           30     D2: CJNE A, #03H, D3
0144 3177             31             ACALL L2
0146 8012             32             SJMP loop
                      33             
0148 B40704           34     D3: CJNE A, #07H, D4 
014B 3192             35             ACALL L3
014D 800B             36             SJMP loop
                      37             
014F B40F04           38     D4: CJNE A, #0FH, D5
0152 31AD             39         ACALL L4
0154 8004             40         SJMP loop
                      41             
0156 31C8             42     D5: ACALL L5
0158 8000             43         SJMP loop
                      44             
015A 3130             45     loop: ACALL TAKE_INP
                      46     
015C D287             47     L1: SETB P0.7
015E 3166             48         ACALL delay_255
0160 C287             49             CLR P0.7
0162 3166             50         ACALL delay_255
0164 2130             51             AJMP TAKE_INP
                      52             
0166                  53     delay_255: 
                      54     ;PUSH 00H
                      55     ;MOV R0, #196
                      56     ;h1: ACALL DELAY
                      57     ;    DJNZ R0, h1
A51 MACRO ASSEMBLER  TONE_GENERATOR                                                       02/07/2023 10:43:04 PAGE     2

                      58     ;POP 00H
                      59     ;RET
0166 C000             60     PUSH 00H
0168 C001             61     PUSH 01H
016A 7808             62     MOV R0, #8
016C 7982             63     MOV R1, #130
016E                  64     h1_0:
016E D9FE             65     h1_1: DJNZ R1, h1_1
0170 D8FC             66     DJNZ R0, h1_0
0172 D001             67     POP 01H
0174 D000             68     POP 00H
0176 22               69     RET
                      70             
0177 D287             71     L2: SETB P0.7
0179 3181             72         ACALL delay_290
017B C287             73             CLR P0.7
017D 3181             74         ACALL delay_290
017F 2130             75             AJMP TAKE_INP
                      76     
0181                  77     delay_290:
0181 C000             78     PUSH 00H
0183 C001             79     PUSH 01H
0185 7807             80     MOV R0, #7
0187 7996             81     MOV R1, #150
0189                  82     h2_0:
0189 D9FE             83     h2_1: DJNZ R1, h2_1
018B D8FC             84     DJNZ R0, h2_0
018D D001             85     POP 01H
018F D000             86     POP 00H
0191 22               87     RET
                      88     
0192 D287             89     L3: SETB P0.7
0194 319C             90         ACALL delay_325
0196 C287             91             CLR P0.7
0198 319C             92         ACALL delay_325
019A 2130             93             AJMP TAKE_INP
                      94     
019C                  95     delay_325:
019C C000             96     PUSH 00H
019E C001             97     PUSH 01H
01A0 7806             98     MOV R0, #6
01A2 79FA             99     MOV R1, #250
01A4                 100     h3_0:
01A4 D9FE            101     h3_1: DJNZ R1, h3_1
01A6 D8FC            102     DJNZ R0, h3_0
01A8 D001            103     POP 01H   
01AA D000            104     POP 00H
01AC 22              105     RET
                     106     
01AD D287            107     L4: SETB P0.7
01AF 31B7            108         ACALL delay_345
01B1 C287            109             CLR P0.7
01B3 31B7            110         ACALL delay_345
01B5 2130            111             AJMP TAKE_INP
                     112     
01B7                 113     delay_345:
01B7 C000            114     PUSH 00H
01B9 C001            115     PUSH 01H
01BB 7806            116     MOV R0, #6
01BD 7982            117     MOV R1, #130
01BF                 118     h4_0:
01BF D9FE            119     h4_1: DJNZ R1, h4_1
01C1 D8FC            120     DJNZ R0, h4_0
01C3 D001            121     POP 01H
01C5 D000            122     POP 00H
01C7 22              123     RET     
A51 MACRO ASSEMBLER  TONE_GENERATOR                                                       02/07/2023 10:43:04 PAGE     3

                     124     
01C8 D287            125     L5: SETB P0.7
01CA 31D2            126         ACALL delay_365
01CC C287            127             CLR P0.7
01CE 31D2            128         ACALL delay_365
01D0 2130            129             AJMP TAKE_INP
                     130     
01D2                 131     delay_365:
01D2 C000            132     PUSH 00H
01D4 C001            133     PUSH 01H
01D6 7808            134     MOV R0, #8
01D8 7996            135     MOV R1, #150
01DA                 136     h5_0:
01DA D9FE            137     h5_1: DJNZ R1, h5_1
01DC D8FC            138     DJNZ R0, h5_0
01DE D001            139     POP 01H
01E0 D000            140     POP 00H
01E2 22              141     RET
                     142               
                     143     END
A51 MACRO ASSEMBLER  TONE_GENERATOR                                                       02/07/2023 10:43:04 PAGE     4

SYMBOL TABLE LISTING
------ ----- -------


N A M E             T Y P E  V A L U E   ATTRIBUTES

AUDIO_OUT. . . . .  C ADDR   013AH   A   
B. . . . . . . . .  D ADDR   00F0H   A   
D1 . . . . . . . .  C ADDR   013AH   A   
D2 . . . . . . . .  C ADDR   0141H   A   
D3 . . . . . . . .  C ADDR   0148H   A   
D4 . . . . . . . .  C ADDR   014FH   A   
D5 . . . . . . . .  C ADDR   0156H   A   
DELAY_255. . . . .  C ADDR   0166H   A   
DELAY_290. . . . .  C ADDR   0181H   A   
DELAY_325. . . . .  C ADDR   019CH   A   
DELAY_345. . . . .  C ADDR   01B7H   A   
DELAY_365. . . . .  C ADDR   01D2H   A   
H1_0 . . . . . . .  C ADDR   016EH   A   
H1_1 . . . . . . .  C ADDR   016EH   A   
H2_0 . . . . . . .  C ADDR   0189H   A   
H2_1 . . . . . . .  C ADDR   0189H   A   
H3_0 . . . . . . .  C ADDR   01A4H   A   
H3_1 . . . . . . .  C ADDR   01A4H   A   
H4_0 . . . . . . .  C ADDR   01BFH   A   
H4_1 . . . . . . .  C ADDR   01BFH   A   
H5_0 . . . . . . .  C ADDR   01DAH   A   
H5_1 . . . . . . .  C ADDR   01DAH   A   
HERE . . . . . . .  C ADDR   0104H   A   
L1 . . . . . . . .  C ADDR   015CH   A   
L2 . . . . . . . .  C ADDR   0177H   A   
L3 . . . . . . . .  C ADDR   0192H   A   
L4 . . . . . . . .  C ADDR   01ADH   A   
L5 . . . . . . . .  C ADDR   01C8H   A   
LOOP . . . . . . .  C ADDR   015AH   A   
MAIN . . . . . . .  C ADDR   0100H   A   
P0 . . . . . . . .  D ADDR   0080H   A   
P1 . . . . . . . .  D ADDR   0090H   A   
TAKE_INP . . . . .  C ADDR   0130H   A   


REGISTER BANK(S) USED: 0 


ASSEMBLY COMPLETE.  0 WARNING(S), 0 ERROR(S)
